<?xml version="1.0" encoding="UTF-8"?>
<!-- Generated by org.testng.reporters.JUnitReportReporter -->
<testsuite ignored="0" hostname="Karan-Lenovo" failures="0" tests="1" name="addteammate.teammate" time="20.722" errors="0" timestamp="11 Sep 2021 17:31:54 GMT" skipped="0">
  <testcase classname="addteammate.teammate" name="f" time="20.722"/>
</testsuite> <!-- addteammate.teammate -->
